#
# There is insufficient memory for the Java Runtime Environment to continue.
# Native memory allocation (mmap) failed to map 134217728 bytes for G1 virtual space
# Possible reasons:
#   The system is out of physical RAM or swap space
#   The process is running with CompressedOops enabled, and the Java Heap may be blocking the growth of the native heap
# Possible solutions:
#   Reduce memory load on the system
#   Increase physical memory or swap space
#   Check if swap backing store is full
#   Decrease Java heap size (-Xmx/-Xms)
#   Decrease number of Java threads
#   Decrease Java thread stack sizes (-Xss)
#   Set larger code cache with -XX:ReservedCodeCacheSize=
#   JVM is running with Unscaled Compressed Oops mode in which the Java heap is
#     placed in the first 4GB address space. The Java Heap base address is the
#     maximum limit for the native heap growth. Please use -XX:HeapBaseMinAddress
#     to set the Java Heap base and to place the Java Heap above 4GB virtual address.
# This output file may be truncated or incomplete.
#
#  Out of Memory Error (os_windows.cpp:3829), pid=7496, tid=780
#
# JRE version:  (17.0.8.1+7) (build )
# Java VM: OpenJDK 64-Bit Server VM (17.0.8.1+7-b1000.32, mixed mode, sharing, tiered, compressed oops, compressed class ptrs, g1 gc, windows-amd64)
# No core dump will be written. Minidumps are not enabled by default on client versions of Windows
#

---------------  S U M M A R Y ------------

Command Line: git4idea.http.GitAskPassApp Username for 'https://github.com': 

Host: Intel(R) Core(TM) i3-3220 CPU @ 3.30GHz, 4 cores, 7G,  Windows 10 , 64 bit Build 19041 (10.0.19041.3570)
Time: Wed Nov  1 02:49:38 2023 Hora est. Pacífico, Sudamérica elapsed time: 0.060288 seconds (0d 0h 0m 0s)

---------------  T H R E A D  ---------------

Current thread (0x0000015f53afc1d0):  JavaThread "Unknown thread" [_thread_in_vm, id=780, stack(0x0000002ae7900000,0x0000002ae7a00000)]

Stack: [0x0000002ae7900000,0x0000002ae7a00000]
Native frames: (J=compiled Java code, j=interpreted, Vv=VM code, C=native code)
V  [jvm.dll+0x6852da]
V  [jvm.dll+0x844c84]
V  [jvm.dll+0x84659e]
V  [jvm.dll+0x846c03]
V  [jvm.dll+0x24b7cf]
V  [jvm.dll+0x682049]
V  [jvm.dll+0x67671a]
V  [jvm.dll+0x30be2b]
V  [jvm.dll+0x3132d6]
V  [jvm.dll+0x36302e]
V  [jvm.dll+0x36325f]
V  [jvm.dll+0x2e1f48]
V  [jvm.dll+0x2e2eb4]
V  [jvm.dll+0x815c11]
V  [jvm.dll+0x370df1]
V  [jvm.dll+0x7f4fdc]
V  [jvm.dll+0x3f3f1f]
V  [jvm.dll+0x3f5b31]
C  [jli.dll+0x528f]
C  [ucrtbase.dll+0x21bb2]
C  [KERNEL32.DLL+0x17344]
C  [ntdll.dll+0x526b1]


---------------  P R O C E S S  ---------------

Threads class SMR info:
_java_thread_list=0x00007ffaf90600d8, length=0, elements={
}

Java Threads: ( => current thread )

Other Threads:
  0x0000015f53b56cf0 GCTaskThread "GC Thread#0" [stack: 0x0000002ae7a00000,0x0000002ae7b00000] [id=10148]
  0x0000015f53b68b90 ConcurrentGCThread "G1 Main Marker" [stack: 0x0000002ae7b00000,0x0000002ae7c00000] [id=12148]
  0x0000015f53b69d40 ConcurrentGCThread "G1 Conc#0" [stack: 0x0000002ae7c00000,0x0000002ae7d00000] [id=12204]

[error occurred during error reporting (printing all threads), id 0xc0000005, EXCEPTION_ACCESS_VIOLATION (0xc0000005) at pc=0x00007ffaf8812ab7]

VM state: not at safepoint (not fully initialized)

VM Mutex/Monitor currently owned by a thread:  ([mutex/lock_event])
[0x0000015f53af6b40] Heap_lock - owner thread: 0x0000015f53afc1d0

Heap address: 0x0000000080600000, size: 2042 MB, Compressed Oops mode: 32-bit

CDS archive(s) mapped at: [0x0000000000000000-0x0000000000000000-0x0000000000000000), size 0, SharedBaseAddress: 0x0000000800000000, ArchiveRelocationMode: 1.
Narrow klass base: 0x0000000000000000, Narrow klass shift: 0, Narrow klass range: 0x0

GC Precious Log:
<Empty>

Heap:
 garbage-first heap   total 0K, used 0K [0x0000000080600000, 0x0000000100000000)
  region size 1024K, 0 young (0K), 0 survivors (0K)
 Metaspace       used 0K, committed 0K, reserved 0K
  class space    used 0K, committed 0K, reserved 0K

Heap Regions: E=young(eden), S=young(survivor), O=old, HS=humongous(starts), HC=humongous(continues), CS=collection set, F=free, OA=open archive, CA=closed archive, TAMS=top-at-mark-start (previous, next)

Card table byte_map: [0x0000015f68490000,0x0000015f68890000] _byte_map_base: 0x0000015f6808d000

Marking Bits (Prev, Next): (CMBitMap*) 0x0000015f53b57310, (CMBitMap*) 0x0000015f53b57350
 Prev Bits: [0x0000015f68c90000, 0x0000015f6ac78000)
 Next Bits: [0x0000015f6ac80000, 0x0000015f6cc68000)

GC Heap History (0 events):
No events

Dll operation events (1 events):
Event: 0.019 Loaded shared library D:\Jetbrains\PhpStorm 2023.2.3\jbr\bin\java.dll

Deoptimization events (0 events):
No events

Classes unloaded (0 events):
No events

Classes redefined (0 events):
No events

Internal exceptions (0 events):
No events

VM Operations (0 events):
No events

Events (0 events):
No events


Dynamic libraries:
0x00007ff783350000 - 0x00007ff78335a000 	D:\Jetbrains\PhpStorm 2023.2.3\jbr\bin\java.exe
0x00007ffb37d90000 - 0x00007ffb37f87000 	C:\Windows\SYSTEM32\ntdll.dll
0x00007ffb37340000 - 0x00007ffb373fd000 	C:\Windows\System32\KERNEL32.DLL
0x00007ffb356d0000 - 0x00007ffb359c6000 	C:\Windows\System32\KERNELBASE.dll
0x00007ffb35af0000 - 0x00007ffb35bf0000 	C:\Windows\System32\ucrtbase.dll
0x00007ffaf4f40000 - 0x00007ffaf4f5b000 	D:\Jetbrains\PhpStorm 2023.2.3\jbr\bin\VCRUNTIME140.dll
0x00007ffb18150000 - 0x00007ffb18167000 	D:\Jetbrains\PhpStorm 2023.2.3\jbr\bin\jli.dll
0x00007ffb36870000 - 0x00007ffb36a0e000 	C:\Windows\System32\USER32.dll
0x00007ffb35530000 - 0x00007ffb35552000 	C:\Windows\System32\win32u.dll
0x00007ffb36570000 - 0x00007ffb3659c000 	C:\Windows\System32\GDI32.dll
0x00007ffb359d0000 - 0x00007ffb35aea000 	C:\Windows\System32\gdi32full.dll
0x00007ffb35bf0000 - 0x00007ffb35c8d000 	C:\Windows\System32\msvcp_win.dll
0x00007ffb1f010000 - 0x00007ffb1f2aa000 	C:\Windows\WinSxS\amd64_microsoft.windows.common-controls_6595b64144ccf1df_6.0.19041.3570_none_60bb2a3971f3e41a\COMCTL32.dll
0x00007ffb367d0000 - 0x00007ffb3686e000 	C:\Windows\System32\msvcrt.dll
0x00007ffb35df0000 - 0x00007ffb35e20000 	C:\Windows\System32\IMM32.DLL
0x00007ffb1b260000 - 0x00007ffb1b26c000 	D:\Jetbrains\PhpStorm 2023.2.3\jbr\bin\vcruntime140_1.dll
0x00007ffad31b0000 - 0x00007ffad323d000 	D:\Jetbrains\PhpStorm 2023.2.3\jbr\bin\msvcp140.dll
0x00007ffaf8520000 - 0x00007ffaf91a3000 	D:\Jetbrains\PhpStorm 2023.2.3\jbr\bin\server\jvm.dll
0x00007ffb37b90000 - 0x00007ffb37c3e000 	C:\Windows\System32\ADVAPI32.dll
0x00007ffb375b0000 - 0x00007ffb3764c000 	C:\Windows\System32\sechost.dll
0x00007ffb37410000 - 0x00007ffb37536000 	C:\Windows\System32\RPCRT4.dll
0x00007ffb34c90000 - 0x00007ffb34cdb000 	C:\Windows\SYSTEM32\POWRPROF.dll
0x00007ffb31100000 - 0x00007ffb31109000 	C:\Windows\SYSTEM32\WSOCK32.dll
0x00007ffb37540000 - 0x00007ffb375ab000 	C:\Windows\System32\WS2_32.dll
0x00007ffb24460000 - 0x00007ffb24487000 	C:\Windows\SYSTEM32\WINMM.dll
0x00007ffb2e4f0000 - 0x00007ffb2e4fa000 	C:\Windows\SYSTEM32\VERSION.dll
0x00007ffb34c70000 - 0x00007ffb34c82000 	C:\Windows\SYSTEM32\UMPDC.dll
0x00007ffb33330000 - 0x00007ffb33342000 	C:\Windows\SYSTEM32\kernel.appcore.dll
0x00007ffb30e90000 - 0x00007ffb30e9a000 	D:\Jetbrains\PhpStorm 2023.2.3\jbr\bin\jimage.dll
0x00007ffb20710000 - 0x00007ffb208f4000 	C:\Windows\SYSTEM32\DBGHELP.DLL
0x00007ffb1aa30000 - 0x00007ffb1aa64000 	C:\Windows\SYSTEM32\dbgcore.DLL
0x00007ffb354a0000 - 0x00007ffb35522000 	C:\Windows\System32\bcryptPrimitives.dll
0x00007ffb30700000 - 0x00007ffb30725000 	D:\Jetbrains\PhpStorm 2023.2.3\jbr\bin\java.dll

dbghelp: loaded successfully - version: 4.0.5 - missing functions: none
symbol engine: initialized successfully - sym options: 0x614 - pdb path: .;D:\Jetbrains\PhpStorm 2023.2.3\jbr\bin;C:\Windows\SYSTEM32;C:\Windows\WinSxS\amd64_microsoft.windows.common-controls_6595b64144ccf1df_6.0.19041.3570_none_60bb2a3971f3e41a;D:\Jetbrains\PhpStorm 2023.2.3\jbr\bin\server

VM Arguments:
java_command: git4idea.http.GitAskPassApp Username for 'https://github.com': 
java_class_path (initial): D:/Jetbrains/PhpStorm 2023.2.3/plugins/vcs-git/lib/git4idea-rt.jar;D:/Jetbrains/PhpStorm 2023.2.3/lib/externalProcess-rt.jar
Launcher Type: SUN_STANDARD

[Global flags]
     intx CICompilerCount                          = 3                                         {product} {ergonomic}
     uint ConcGCThreads                            = 1                                         {product} {ergonomic}
     uint G1ConcRefinementThreads                  = 4                                         {product} {ergonomic}
   size_t G1HeapRegionSize                         = 1048576                                   {product} {ergonomic}
    uintx GCDrainStackTargetSize                   = 64                                        {product} {ergonomic}
   size_t InitialHeapSize                          = 134217728                                 {product} {ergonomic}
   size_t MarkStackSize                            = 4194304                                   {product} {ergonomic}
   size_t MaxHeapSize                              = 2141192192                                {product} {ergonomic}
   size_t MinHeapDeltaBytes                        = 1048576                                   {product} {ergonomic}
   size_t MinHeapSize                              = 8388608                                   {product} {ergonomic}
    uintx NonNMethodCodeHeapSize                   = 5832780                                {pd product} {ergonomic}
    uintx NonProfiledCodeHeapSize                  = 122912730                              {pd product} {ergonomic}
    uintx ProfiledCodeHeapSize                     = 122912730                              {pd product} {ergonomic}
    uintx ReservedCodeCacheSize                    = 251658240                              {pd product} {ergonomic}
     bool SegmentedCodeCache                       = true                                      {product} {ergonomic}
   size_t SoftMaxHeapSize                          = 2141192192                             {manageable} {ergonomic}
     bool UseCompressedClassPointers               = true                           {product lp64_product} {ergonomic}
     bool UseCompressedOops                        = true                           {product lp64_product} {ergonomic}
     bool UseG1GC                                  = true                                      {product} {ergonomic}
     bool UseLargePagesIndividualAllocation        = false                                  {pd product} {ergonomic}

Logging:
Log output configuration:
 #0: stdout all=warning uptime,level,tags
 #1: stderr all=off uptime,level,tags

Environment Variables:
PATH=C:\Program Files\Git\mingw64\libexec\git-core;C:\Program Files\Git\mingw64\libexec\git-core;C:\Program Files\Git\mingw64\bin;C:\Program Files\Git\usr\bin;C:\Users\REAL TECNOLOGIA\bin;C:\Program Files (x86)\Common Files\Intel\Shared Libraries\redist\intel64_win\compiler;D:\VMware\bin;C:\Python311\Scripts;C:\Python311;C:\Program Files\Microsoft MPI\Bin;C:\Program Files (x86)\Windows Resource Kits\Tools;C:\ProgramData\Oracle\Java\javapath;C:\Program Files\Common Files\Oracle\Java\javapath;C:\Program Files (x86)\Common Files\Oracle\Java\javapath;C:\Program Files\Common Files\Oracle\Java\javapat;C:\Program Files\Java\jdk-16.0.1\bin";C:\Windows\system32;C:\Windows;C:\Windows\System32\Wbem;C:\Windows\System32\WindowsPowerShell\v1.0;C:\Windows\System32\OpenSSH;C:\Program Files (x86)\dotnet;C:\Program Files\NVIDIA Corporation\NVIDIA NvDLISR;C:\Program Files\Java\jdk-16.0.1\bin;C:\Program Files (x86)\NVIDIA Corporation\PhysX\Common;D:\da\sql\Client SDK\ODBC\170\Tools\Binn;D:\da\Nueva carpeta\150\Tools\Binn;D:\da\sql\150\Tools\Binn;D:\da\sql\150\DTS\Binn;C:\ProgramData\chocolatey\bin;D:\da\Nueva carpeta\160\Tools\Binn;C:\Program Files\Microsoft SQL Server\160\Tools\Binn;C:\Program Files\Microsoft SQL Server\Client SDK\ODBC\170\Tools\Binn;C:\Program Files\Microsoft SQL Server\160\DTS\Binn;C:\Program Files\Microsoft SQL Server\150\Tools\Binn;C:\Program Files\Microsoft SQL Server\150\DTS\Binn;C:\xampp\php;C:\Program Files\nodejs;C:\Program Files\Git\cmd;C:\Users\REAL TECNOLOGIA\AppData\Local\Microsoft\WindowsApps;C:\Users\REAL TECNOLOGIA\.dotnet\tools;C:\Program Files\Azure Data Studio\bin;C:\Program Files\Azure Data Studio\bin;C:\Program Files\Azure Data Studio\bin;D:\Microsoft VS Code\bin;C:\Program Files\Azure Data Studio\bin;C:\Users\REAL TECNOLOGIA\AppData\Local\spicetify;C:\Users\REAL TECNOLOGIA\AppData\Roaming\npm;D:\Jetbrains\PhpStorm 2023.2.3\bin
USERNAME=REAL TECNOLOGIA
DISPLAY=:0.0
LC_ALL=en_US.UTF-8
TERM=xterm-256color
TMPDIR=C:\Users\REALTE~1\AppData\Local\Temp
OS=Windows_NT
PROCESSOR_IDENTIFIER=Intel64 Family 6 Model 58 Stepping 9, GenuineIntel
TMP=C:\Users\REALTE~1\AppData\Local\Temp
TEMP=C:\Users\REALTE~1\AppData\Local\Temp


JNI global refs:
JNI global refs: 0, weak refs: 0

JNI global refs memory usage: 0, weak refs: 0

OOME stack traces (most recent first):
Classloader memory used:


---------------  S Y S T E M  ---------------

OS:
 Windows 10 , 64 bit Build 19041 (10.0.19041.3570)
OS uptime: 0 days 13:06 hours

CPU: total 4 (initial active 4) (2 cores per cpu, 2 threads per core) family 6 model 58 stepping 9 microcode 0x21, cx8, cmov, fxsr, ht, mmx, sse, sse2, sse3, ssse3, sse4.1, sse4.2, popcnt, tsc, tscinvbit, avx, erms, clmul, vzeroupper, clflush
Processor Information for all 4 processors :
  Max Mhz: 3300, Current Mhz: 3300, Mhz Limit: 3300

Memory: 4k page, system-wide physical 8162M (1957M free)
TotalPageFile size 15264M (AvailPageFile size 66M)
current process WorkingSet (physical memory assigned to process): 10M, peak: 10M
current process commit charge ("private bytes"): 51M, peak: 179M

vm_info: OpenJDK 64-Bit Server VM (17.0.8.1+7-b1000.32) for windows-amd64 JRE (17.0.8.1+7-b1000.32), built on 2023-09-15 by "builduser" with MS VC++ 16.10 / 16.11 (VS2019)

END.
